<?xml version="1.0" encoding="UTF-8"?>
<testng-results ignored="0" total="1" passed="1" failed="0" skipped="0">
  <reporter-output>
  </reporter-output>
  <suite started-at="2022-05-06T05:10:09Z" name="Default suite" finished-at="2022-05-06T05:10:16Z" duration-ms="6722">
    <groups>
    </groups>
    <test started-at="2022-05-06T05:10:09Z" name="Default test" finished-at="2022-05-06T05:10:16Z" duration-ms="6722">
      <class name="Practices.LoginToVtiger">
        <test-method signature="Vtiger()[pri:0, instance:Practices.LoginToVtiger@36060e]" started-at="2022-05-06T05:10:09Z" name="Vtiger" finished-at="2022-05-06T05:10:16Z" duration-ms="6684" status="PASS">
          <reporter-output>
          </reporter-output>
        </test-method> <!-- Vtiger -->
      </class> <!-- Practices.LoginToVtiger -->
    </test> <!-- Default test -->
  </suite> <!-- Default suite -->
</testng-results>
